<?xml version="1.0" encoding="UTF-8"?>
<DATAPACKET>
  <ROWDATA>
    <ROW ID_PREDPR="3001" PREDPR="Тест Фінал" POSTAV="T" POKUP="T" ACTUAL="T" EDRPOU="44444444" />
  </ROWDATA>
</DATAPACKET>
