<?xml version="1.0" standalone="yes"?>
<DATAPACKET Version="2.0">
<METADATA>
<FIELDS>
<FIELD FieldName="CITY" DisplayLabel="CITY" FieldType="String" FieldClass="TField"/>
<FIELD FieldName="EDRPOU" DisplayLabel="EDRPOU" FieldType="String" FieldClass="TField"/>
<FIELD FieldName="SKIT" DisplayLabel="SKIT" FieldType="Float" FieldClass="TField"/>
<FIELD FieldName="PREDPR" DisplayLabel="PREDPR" FieldType="String" FieldClass="TField"/>
<FIELD FieldName="NAME" DisplayLabel="NAME" FieldType="String" FieldClass="TField"/>
<FIELD FieldName="DATE_CREATE" DisplayLabel="DATE_CREATE" FieldType="Date" FieldClass="TField"/>
<FIELD FieldName="ADDRESS_PHYS" DisplayLabel="ADDRESS_PHYS" FieldType="String" FieldClass="TField"/>
<FIELD FieldName="COMMENT" DisplayLabel="COMMENT" FieldType="String" FieldClass="TField"/>
<FIELD FieldName="ACTUAL" DisplayLabel="ACTUAL" FieldType="String" FieldClass="TField"/>
<FIELD FieldName="NAME_TRANSPORT" DisplayLabel="NAME_TRANSPORT" FieldType="String" FieldClass="TField"/>
</FIELDS>
</METADATA>
<ROWDATA>
<ROW CITY="Донецьк" EDRPOU="12345678" SKIT="10,00" PREDPR="Радіокомплект" NAME="ТОВ &quot;Радіокомплект&quot;" DATE_CREATE="26.11.2003" ADDRESS_PHYS="ТОВ &quot;ЕЛЕКТРОРАДІОКОМПЛЕКТ&quot; а/с 11537, м. Харків, 61001" COMMENT="Поставщик электронных компонент" ACTUAL="T" NAME_TRANSPORT="Нова пошта"/>
<ROW CITY="Одеса" EDRPOU="87654321" SKIT="5,50" PREDPR="Хоміч Валерій Валерійович" NAME="Хоміч Валерій Валерійович" DATE_CREATE="13.06.2025" ADDRESS_PHYS="м. Одеса, вул. Морська 15" COMMENT="Індивідуальний підприємець" ACTUAL="T" NAME_TRANSPORT="Нова пошта"/>
<ROW CITY="Київ" EDRPOU="11111111" SKIT="15,25" PREDPR="ПрАТ Електроніка Плюс" NAME="Електроніка Плюс" DATE_CREATE="01.01.2020" ADDRESS_PHYS="м. Київ, пр. Перемоги 50" COMMENT="Оптова торгівля електронікою" ACTUAL="T" NAME_TRANSPORT="УкрПошта"/>
</ROWDATA>
</DATAPACKET>