<?xml version="1.0" encoding="UTF-8"?>
<root>
<ROW DATE_INP="" DATE_POST="01.06.2006" COMMENT="" INDEX_PREDPR="338" INDEX_DOC="2" ID_LISTPRIHOD="1" NUMB_DOC="7025" ACC_SUM="1500.00" PREDPR="НетЛайн" ID_PREDPR="338"/>
<ROW DATE_INP="19.06.2006" DATE_POST="19.06.2006" COMMENT="" INDEX_PREDPR="6" INDEX_DOC="2" ID_LISTPRIHOD="7" NUMB_DOC="99427" ACC_SUM="2500.50" PREDPR="VD MAIS" ID_PREDPR="6"/>
</root>
