<?xml version="1.0" standalone="yes"?>
<DATAPACKET Version="2.0">
<METADATA>
<FIELDS>
<FIELD FieldName="EDRPOU" DisplayLabel="EDRPOU" FieldType="String" FieldClass="TField"/>
<FIELD FieldName="PREDPR" DisplayLabel="PREDPR" FieldType="String" FieldClass="TField"/>
<FIELD FieldName="NAME" DisplayLabel="NAME" FieldType="String" FieldClass="TField"/>
<FIELD FieldName="DATE_CREATE" DisplayLabel="DATE_CREATE" FieldType="Date" FieldClass="TField"/>
<FIELD FieldName="ADDRESS_PHYS" DisplayLabel="ADDRESS_PHYS" FieldType="String" FieldClass="TField"/>
<FIELD FieldName="COMMENT" DisplayLabel="COMMENT" FieldType="String" FieldClass="TField"/>
<FIELD FieldName="ACTUAL" DisplayLabel="ACTUAL" FieldType="String" FieldClass="TField"/>
<FIELD FieldName="ID_PREDPR" DisplayLabel="ID_PREDPR" FieldType="Integer" FieldClass="TField"/>
</FIELDS>
</METADATA>
<ROWDATA>
<ROW EDRPOU="" PREDPR="Радіокомплект" NAME="ТОВ &quot;Радіокомплект&quot;" DATE_CREATE="26.11.2003" ADDRESS_PHYS="ТОВ &quot;ЕЛЕКТРОРАДІОКОМПЛЕКТ&quot;                а/с 11537, м. Харків, 61001" COMMENT="Поставщик электронных компонент" ACTUAL="F" ID_PREDPR="1"/>
<ROW EDRPOU="" PREDPR="VD MAIS" NAME="ПП &quot;НВФ &quot;VD MAIS&quot;" DATE_CREATE="01.08.2003" ADDRESS_PHYS="вул. Михайла Донця, 6, м. Київ, 03061" COMMENT="" ACTUAL="T" ID_PREDPR="6"/>
<ROW EDRPOU="" PREDPR="Корякіна наталія Андріївна Фоп" NAME="Корякіна наталія Андріївна Фоп" DATE_CREATE="12.05.2025" ADDRESS_PHYS="" COMMENT="" ACTUAL="T" ID_PREDPR="10801"/>
<ROW EDRPOU="" PREDPR="Єрохіна Олена Нарбартівна" NAME="Єрохіна Олена Нарбартівна" DATE_CREATE="19.05.2025" ADDRESS_PHYS="" COMMENT="" ACTUAL="T" ID_PREDPR="10808"/>
</ROWDATA>
</DATAPACKET>