<?xml version="1.0" encoding="UTF-8"?>
<DATAPACKET Version="2.0">
  <ROWDATA>
    <ROW INDEX_LISTARTICLE="RP2U110" INDEX_DETAIL="R001" COUNT_DET="2,5"/>
    <ROW INDEX_LISTARTICLE="RP2U110" INDEX_DETAIL="C001" COUNT_DET="1,0"/>
  </ROWDATA>
</DATAPACKET>